The C compiler identification could not be found in "/home/qod/Projects/Research/C++/KucoinGateway/cmake-build-debug-coverage/CMakeFiles/3.21.1/CompilerIdC/CMakeCCompilerId.gcno"

The CXX compiler identification could not be found in "/home/qod/Projects/Research/C++/KucoinGateway/cmake-build-debug-coverage/CMakeFiles/3.21.1/CompilerIdCXX/CMakeCXXCompilerId.gcno"

Performing C SOURCE FILE Test CMAKE_HAVE_LIBC_PTHREAD failed with the following output:
Change Dir: /home/qod/Projects/Research/C++/KucoinGateway/cmake-build-debug-coverage/CMakeFiles/CMakeTmp

Run Build Command(s):/snap/clion/180/bin/ninja/linux/ninja cmTC_25d7b && [1/2] Building C object CMakeFiles/cmTC_25d7b.dir/src.c.o
[2/2] Linking C executable cmTC_25d7b
FAILED: cmTC_25d7b 
: && /usr/bin/cc --coverage  CMakeFiles/cmTC_25d7b.dir/src.c.o -o cmTC_25d7b   && :
/usr/bin/ld: CMakeFiles/cmTC_25d7b.dir/src.c.o: в функции «main»:
src.c:(.text+0x6a): неопределённая ссылка на «pthread_create»
/usr/bin/ld: src.c:(.text+0x88): неопределённая ссылка на «pthread_detach»
/usr/bin/ld: src.c:(.text+0xa6): неопределённая ссылка на «pthread_cancel»
/usr/bin/ld: src.c:(.text+0xc9): неопределённая ссылка на «pthread_join»
collect2: error: ld returned 1 exit status
ninja: build stopped: subcommand failed.


Source file was:
#include <pthread.h>

static void* test_func(void* data)
{
  return data;
}

int main(void)
{
  pthread_t thread;
  pthread_create(&thread, NULL, test_func, NULL);
  pthread_detach(thread);
  pthread_cancel(thread);
  pthread_join(thread, NULL);
  pthread_atfork(NULL, NULL, NULL);
  pthread_exit(NULL);

  return 0;
}

Determining if the function pthread_create exists in the pthreads failed with the following output:
Change Dir: /home/qod/Projects/Research/C++/KucoinGateway/cmake-build-debug-coverage/CMakeFiles/CMakeTmp

Run Build Command(s):/snap/clion/180/bin/ninja/linux/ninja cmTC_c1bc5 && [1/2] Building C object CMakeFiles/cmTC_c1bc5.dir/CheckFunctionExists.c.o
[2/2] Linking C executable cmTC_c1bc5
FAILED: cmTC_c1bc5 
: && /usr/bin/cc --coverage -DCHECK_FUNCTION_EXISTS=pthread_create  CMakeFiles/cmTC_c1bc5.dir/CheckFunctionExists.c.o -o cmTC_c1bc5  -lpthreads && :
/usr/bin/ld: невозможно найти -lpthreads
collect2: error: ld returned 1 exit status
ninja: build stopped: subcommand failed.



